<?xml version="1.0" encoding="UTF-8"?>
<!-- Generated by org.testng.reporters.JUnitReportReporter -->
<testsuite hostname="IBM-Testing04" name="Admin_home.MemberProfileChangePassword" tests="5" failures="0" timestamp="8 Jul 2018 09:55:06 GMT" time="23.188" errors="0">
  <testcase name="ChangePasswordForMember" time="4.125" classname="Admin_home.MemberProfileChangePassword"/>
  <testcase name="browserLunch" time="6.402" classname="Admin_home.MemberProfileChangePassword"/>
  <testcase name="jumpToMemberProfile" time="10.093" classname="Admin_home.MemberProfileChangePassword"/>
  <testcase name="loginDetail" time="1.832" classname="Admin_home.MemberProfileChangePassword"/>
  <testcase name="checkAppDetail" time="0.736" classname="Admin_home.MemberProfileChangePassword"/>
</testsuite> <!-- Admin_home.MemberProfileChangePassword -->
