<?xml version="1.0" encoding="UTF-8"?>
<!-- Generated by org.testng.reporters.JUnitReportReporter -->
<testsuite hostname="IBM-Testing04" name="Admin_home.ApplicationStatus" tests="3" failures="0" timestamp="8 Jul 2018 09:26:29 GMT" time="8.918" errors="0">
  <testcase name="browserLunch" time="6.162" classname="Admin_home.ApplicationStatus"/>
  <testcase name="loginDetail" time="1.972" classname="Admin_home.ApplicationStatus"/>
  <testcase name="checkAppDetail" time="0.784" classname="Admin_home.ApplicationStatus"/>
</testsuite> <!-- Admin_home.ApplicationStatus -->
