<?xml version="1.0" encoding="UTF-8"?>
<!-- Generated by org.testng.reporters.JUnitReportReporter -->
<testsuite hostname="IBM-Testing04" name="Admin_home.Login" tests="2" failures="0" timestamp="8 Jul 2018 09:26:03 GMT" time="8.635" errors="0">
  <testcase name="browserLunch" time="6.650" classname="Admin_home.Login"/>
  <testcase name="loginDetail" time="1.985" classname="Admin_home.Login"/>
</testsuite> <!-- Admin_home.Login -->
