<?xml version="1.0" encoding="UTF-8"?>
<!-- Generated by org.testng.reporters.JUnitReportReporter -->
<testsuite hostname="IBM-Testing01" name="CI_jenkin.Banking" tests="11" failures="0" timestamp="8 Jul 2018 06:49:08 GMT" time="12.001" errors="0">
  <testcase name="AdminNameEmailValidate" time="0.263" classname="CI_jenkin.Banking"/>
  <testcase name="ChangeButtonValidation" time="0.441" classname="CI_jenkin.Banking"/>
  <testcase name="confirmPasswordValidate" time="0.107" classname="CI_jenkin.Banking"/>
  <testcase name="submitValidate" time="2.004" classname="CI_jenkin.Banking"/>
  <testcase name="newPassword" time="0.127" classname="CI_jenkin.Banking"/>
  <testcase name="passwordSubmitValidate" time="2.140" classname="CI_jenkin.Banking"/>
  <testcase name="login" time="4.009" classname="CI_jenkin.Banking"/>
  <testcase name="FullNameValidate" time="0.251" classname="CI_jenkin.Banking"/>
  <testcase name="oldPasswordvalidate" time="1.118" classname="CI_jenkin.Banking"/>
  <testcase name="ValidateAdminLoginName" time="1.284" classname="CI_jenkin.Banking"/>
  <testcase name="emailValidate" time="0.257" classname="CI_jenkin.Banking"/>
</testsuite> <!-- CI_jenkin.Banking -->
