<?xml version="1.0" encoding="UTF-8"?>
<!-- Generated by org.testng.reporters.JUnitReportReporter -->
<testsuite hostname="IBM-Testing05" name="com.messages.Messages" tests="13" failures="0" timestamp="8 Jul 2018 11:08:13 GMT" time="33.466" errors="0">
  <testcase name="msg_start" time="1.265" classname="com.messages.Messages"/>
  <testcase name="new_msg" time="5.439" classname="com.messages.Messages"/>
  <testcase name="select_none_btn" time="0.209" classname="com.messages.Messages"/>
  <testcase name="grp_check" time="8.377" classname="com.messages.Messages"/>
  <testcase name="reply_btn" time="3.322" classname="com.messages.Messages"/>
  <testcase name="trash_select" time="0.857" classname="com.messages.Messages"/>
  <testcase name="login" time="10.420" classname="com.messages.Messages"/>
  <testcase name="appropriate_cat_msg" time="1.034" classname="com.messages.Messages"/>
  <testcase name="sent_select" time="0.873" classname="com.messages.Messages"/>
  <testcase name="validation" time="0.364" classname="com.messages.Messages"/>
  <testcase name="select_all_btn" time="0.265" classname="com.messages.Messages"/>
  <testcase name="sub_msg_display" time="0.811" classname="com.messages.Messages"/>
  <testcase name="search_inbox" time="0.230" classname="com.messages.Messages"/>
</testsuite> <!-- com.messages.Messages -->
