<?xml version="1.0" encoding="UTF-8"?>
<!-- Generated by org.testng.reporters.JUnitReportReporter -->
<testsuite hostname="IBM-Testing04" name="com.project.login.Login" tests="2" failures="0" timestamp="4 Jul 2018 11:04:55 GMT" time="8.876" errors="0">
  <testcase name="browserLunch" time="7.645" classname="com.project.login.Login"/>
  <testcase name="loginDetail" time="1.231" classname="com.project.login.Login"/>
</testsuite> <!-- com.project.login.Login -->
