<?xml version="1.0" encoding="UTF-8"?>
<!-- Generated by org.testng.reporters.JUnitReportReporter -->
<testsuite hostname="IBM-Testing01" name="Banking_alerts.Alerts_HistoryTest" tests="13" failures="0" timestamp="8 Jul 2018 09:14:03 GMT" time="14.729" errors="0">
  <testcase name="beforeTest" time="7.406" classname="Banking_alerts.Alerts_HistoryTest"/>
  <testcase name="System_0r_member" time="0.466" classname="Banking_alerts.Alerts_HistoryTest"/>
  <testcase name="accept_To_Date" time="0.129" classname="Banking_alerts.Alerts_HistoryTest"/>
  <testcase name="accept_From_Number" time="0.321" classname="Banking_alerts.Alerts_HistoryTest"/>
  <testcase name="alerts_history" time="0.842" classname="Banking_alerts.Alerts_HistoryTest"/>
  <testcase name="input_Using_Calender" time="0.392" classname="Banking_alerts.Alerts_HistoryTest"/>
  <testcase name="date_From_check" time="0.157" classname="Banking_alerts.Alerts_HistoryTest"/>
  <testcase name="date_To_check" time="0.135" classname="Banking_alerts.Alerts_HistoryTest"/>
  <testcase name="accept_From_Date" time="0.178" classname="Banking_alerts.Alerts_HistoryTest"/>
  <testcase name="accept_To_Number" time="0.314" classname="Banking_alerts.Alerts_HistoryTest"/>
  <testcase name="Login_alerts_history" time="1.658" classname="Banking_alerts.Alerts_HistoryTest"/>
  <testcase name="all_System_Alerts_Are_Displayed" time="1.304" classname="Banking_alerts.Alerts_HistoryTest"/>
  <testcase name="all_Member_Alerts_Are_Displayed" time="1.427" classname="Banking_alerts.Alerts_HistoryTest"/>
</testsuite> <!-- Banking_alerts.Alerts_HistoryTest -->
