<?xml version="1.0" encoding="UTF-8"?>
<!-- Generated by org.testng.reporters.JUnitReportReporter -->
<testsuite hostname="IBM-Testing01" name="Banking_alerts.System_alertsTest" tests="4" failures="0" timestamp="8 Jul 2018 10:40:53 GMT" time="15.939" errors="0">
  <testcase name="sys_Alerts" time="2.859" classname="Banking_alerts.System_alertsTest"/>
  <testcase name="delete_sys_alerts" time="1.915" classname="Banking_alerts.System_alertsTest"/>
  <testcase name="beforeTest" time="9.005" classname="Banking_alerts.System_alertsTest"/>
  <testcase name="Login_alerts_history" time="2.160" classname="Banking_alerts.System_alertsTest"/>
</testsuite> <!-- Banking_alerts.System_alertsTest -->
