<?xml version="1.0" encoding="UTF-8"?>
<!-- Generated by org.testng.reporters.JUnitReportReporter -->
<testsuite hostname="IBM-Testing01" name="Banking_alerts.LoginTest" tests="2" failures="0" timestamp="8 Jul 2018 10:40:24 GMT" time="11.387" errors="0">
  <testcase name="beforeTest" time="9.671" classname="Banking_alerts.LoginTest"/>
  <testcase name="Login_alerts_history" time="1.716" classname="Banking_alerts.LoginTest"/>
</testsuite> <!-- Banking_alerts.LoginTest -->
